2024-03-10T09:57:11+00:00 DEBUG Tt4b_Pixel_Class::inject_initiate_checkout_event: hit InitiateCheckout
2024-03-10T09:57:11+00:00 DEBUG Tt4b_Pixel_Class::inject_initiate_checkout_event: Missing option "access_token"
2024-03-10T10:08:46+00:00 DEBUG POST: https://business-api.tiktok.com/tbp/v2.0/business_profile/disconnect?external_data=

{"business_platform":"WOO_COMMERCE","external_business_id":"tt4b_woocommerce_65dc3a412bb10"}
 ajax: no
2024-03-10T10:08:47+00:00 DEBUG Tt4b_Mapi_Class::tbp_post: Response: 

HTTP/1.1 200 OK
Content-Type: application/json; charset=utf-8
Content-Length: 95
X-Api-Deprecation-Info: API for Business Version 1.3 is now live. To avoid disruption to your business, we recommend you migrate all calls to v1.3 as soon as possible. Please visit our migration guide for more details: https://ads.tiktok.com/marketing_api/docs?id=1740029169927169
X-Domain-Change-Info: We have moved to the new domain business-api.tiktok.com for API services after the Platform Upgrade on 09/30/2021. Please update all of your requests with the new domain if you haven't done so already. For more information, please visit https://ads.tiktok.com/marketing_api/docs?rid=esb88xalm6m&id=1709207085043713
X-Tt-Logid: 202403101008469486CFE3AA83D25369BA
Server-Timing: inner; dur=10
x-tt-trace-host: 01fd1bdacef1902e0cad24dc110e4566f51ce4d7a5fe1e3fe5aedfef96eebbd9fbdb665eba749f0f7a6041b3699f610da2cdbb8e6c49469416b599f649b1fecf9c17cc0ac0e56158f1e0c792121e015f5b9f571870f4049e556f2f0975fc9186f2
x-tt-trace-id: 00-2403101008469486CFE3AA83D25369BA-6800AB826D919822-00
Server: TLB
Expires: Sun, 10 Mar 2024 10:08:47 GMT
Cache-Control: max-age=0, no-cache, no-store
Pragma: no-cache
Date: Sun, 10 Mar 2024 10:08:47 GMT
X-Cache: TCP_MISS from a23-73-3-221.deploy.akamaitechnologies.com (AkamaiGHost/11.4.2.2-54704533) (-)
Connection: close
x-tt-trace-tag: id=16;cdn-cache=miss;type=dyn
Server-Timing: cdn-cache; desc=MISS, edge; dur=3, origin; dur=193
X-Origin-Response-Time: 193,23.73.3.221
X-Akamai-Request-ID: 4dfb796

{"code":40001,"message":"Permission denied.","request_id":"202403101008469486CFE3AA83D25369BA"}

2024-03-10T10:08:47+00:00 DEBUG POST: https://business-api.tiktok.com/tbp/v2.0/shop/connection/disconnect?external_data=

--- EMPTY STRING ---
 ajax: no
2024-03-10T10:08:48+00:00 DEBUG Tt4b_Mapi_Class::tts_shop_disconnect: Response: 

HTTP/1.1 200 OK
Content-Type: application/json; charset=utf-8
Content-Length: 95
X-Api-Deprecation-Info: API for Business Version 1.3 is now live. To avoid disruption to your business, we recommend you migrate all calls to v1.3 as soon as possible. Please visit our migration guide for more details: https://ads.tiktok.com/marketing_api/docs?id=1740029169927169
X-Domain-Change-Info: We have moved to the new domain business-api.tiktok.com for API services after the Platform Upgrade on 09/30/2021. Please update all of your requests with the new domain if you haven't done so already. For more information, please visit https://ads.tiktok.com/marketing_api/docs?rid=esb88xalm6m&id=1709207085043713
X-Tt-Logid: 202403101008476ED060ABE1AA15541767
x-tt-trace-host: 01fd1bdacef1902e0cad24dc110e4566f54708990208d827a2b14c7843bef490d331cc8795557553638382b1bea25d01b16b5e5253c49103edc24f29c9b91f63a94cbb219483c3e0689f9d84c7db3632a0c516fed948efdecf47652e80093d73cd5d0d91b96e457584363373956630b845
x-tt-trace-id: 00-2403101008476ED060ABE1AA15541767-3DF67E506F04141C-00
Server: TLB
X-Origin-Response-Time: 17,23.211.140.85
X-Akamai-Request-ID: 8c98e176.1bd78945
Expires: Sun, 10 Mar 2024 10:08:48 GMT
Cache-Control: max-age=0, no-cache, no-store
Pragma: no-cache
Date: Sun, 10 Mar 2024 10:08:48 GMT
X-Cache: TCP_MISS from a23-73-3-203.deploy.akamaitechnologies.com (AkamaiGHost/11.4.3-54729273) (-)
Connection: close
X-Cache-Remote: TCP_MISS from a23-211-140-85.deploy.akamaitechnologies.com (AkamaiGHost/11.4.2.2-54704533) (-)
x-tt-trace-tag: id=16;cdn-cache=miss;type=dyn
Server-Timing: cdn-cache; desc=MISS, edge; dur=183, origin; dur=16
Server-Timing: inner; dur=11
X-Parent-Response-Time: 197,23.73.3.203

{"code":40001,"message":"Permission denied.","request_id":"202403101008476ED060ABE1AA15541767"}

